<?xml version="1.0" encoding="UTF-8"?>
<testsuite xmlns:xsi="http://www.w3.org/2001/XMLSchema-instance" xsi:noNamespaceSchemaLocation="https://maven.apache.org/surefire/maven-surefire-plugin/xsd/surefire-test-report-3.0.xsd" version="3.0" name="BaseTest" time="11.829" tests="7" errors="7" skipped="0" failures="0">
  <properties>
[...]
</properties>
  <testcase name="test4_CreateThenDeleteFixtureAndCheckRemoval" classname="BaseTest" time="11.828">
    <error message="Connection refused: connect" type="java.net.ConnectException">java.net.ConnectException: Connection refused: connect
	at BaseTest.createFixture(BaseTest.java:34)
	at BaseTest.lambda$test4_CreateThenDeleteFixtureAndCheckRemoval$2(BaseTest.java:93)
</error>
    <system-out><![CDATA[Deleting record id: 6]]></system-out>
  </testcase>
  <testcase name="test4_CreateThenDeleteFixtureAndCheckRemoval" classname="BaseTest" time="0">
    <error message="Connection refused: connect" type="java.net.ConnectException">java.net.ConnectException: Connection refused: connect
	at BaseTest.tearDown(BaseTest.java:50)
</error>
  </testcase>
  <testcase name="test3_CreateFixtureAndRetrieveAsSoonAsAvailable" classname="BaseTest" time="11.828">
    <error message="Connection refused: connect" type="java.net.ConnectException">java.net.ConnectException: Connection refused: connect
	at BaseTest.createFixture(BaseTest.java:34)
	at BaseTest.lambda$test3_CreateFixtureAndRetrieveAsSoonAsAvailable$1(BaseTest.java:82)
</error>
    <system-out><![CDATA[Deleting record id: 5]]></system-out>
  </testcase>
  <testcase name="test3_CreateFixtureAndRetrieveAsSoonAsAvailable" classname="BaseTest" time="0">
    <error message="Connection refused: connect" type="java.net.ConnectException">java.net.ConnectException: Connection refused: connect
	at BaseTest.tearDown(BaseTest.java:50)
</error>
  </testcase>
  <testcase name="test1_GetAllFixtures" classname="BaseTest" time="7.741">
    <error message="Connection refused: connect" type="java.net.ConnectException">java.net.ConnectException: Connection refused: connect
	at BaseTest.test1_GetAllFixtures(BaseTest.java:57)
</error>
  </testcase>
  <testcase name="test2_CreateNewFixtureAndAssertTeamId" classname="BaseTest" time="11.828">
    <error message="Connection refused: connect" type="java.net.ConnectException">java.net.ConnectException: Connection refused: connect
	at BaseTest.createFixture(BaseTest.java:34)
	at BaseTest.lambda$test2_CreateNewFixtureAndAssertTeamId$0(BaseTest.java:70)
</error>
    <system-out><![CDATA[Deleting record id: 4]]></system-out>
  </testcase>
  <testcase name="test2_CreateNewFixtureAndAssertTeamId" classname="BaseTest" time="0">
    <error message="Connection refused: connect" type="java.net.ConnectException">java.net.ConnectException: Connection refused: connect
	at BaseTest.tearDown(BaseTest.java:50)
</error>
  </testcase>
</testsuite>